<?xml version="1.0" encoding="UTF-8"?>
<testng-results skipped="0" failed="0" ignored="0" total="1" passed="1">
  <reporter-output>
  </reporter-output>
  <suite name="MiPrimerTest" duration-ms="17461" started-at="2017-05-10T20:55:54Z" finished-at="2017-05-10T20:56:12Z">
    <groups>
    </groups>
    <test name="Command line test" duration-ms="17461" started-at="2017-05-10T20:55:54Z" finished-at="2017-05-10T20:56:12Z">
      <class name="MiPrimerTest">
        <test-method status="PASS" signature="verificar()[pri:0, instance:MiPrimerTest@7f690630]" name="verificar" duration-ms="17434" started-at="2017-05-10T15:55:54Z" finished-at="2017-05-10T15:56:12Z">
          <reporter-output>
          </reporter-output>
        </test-method> <!-- verificar -->
      </class> <!-- MiPrimerTest -->
    </test> <!-- Command line test -->
  </suite> <!-- MiPrimerTest -->
</testng-results>
